<?xml version="1.0" encoding="UTF-8"?>
<!-- Generated by org.testng.reporters.JUnitReportReporter -->
<testsuite hostname="LAPTOP-VQUCTUMT" failures="0" tests="2" name="messaging.practicetest" time="0.019" errors="0" timestamp="2021-06-03T21:57:19 IST" skipped="0">
  <testcase classname="messaging.practicetest" name="Test2" time="0.007"/>
  <system-out/>
  <testcase classname="messaging.practicetest" name="Test1" time="0.012"/>
  <system-out/>
</testsuite> <!-- messaging.practicetest -->
