<?xml version="1.0" encoding="UTF-8"?>
<!-- Generated by org.testng.reporters.JUnitReportReporter -->
<testsuite hostname="LAPTOP-VQUCTUMT" failures="0" tests="3" name="test.classes.testclass1" time="0.005" errors="0" timestamp="2021-06-07T23:19:06 IST" skipped="0">
  <testcase classname="test.classes.testclass1" name="test1" time="0.001"/>
  <system-out/>
  <testcase classname="test.classes.testclass1" name="test2" time="0.001"/>
  <system-out/>
  <testcase classname="test.classes.testclass1" name="test2" time="0.003"/>
  <system-out/>
</testsuite> <!-- test.classes.testclass1 -->
