<?xml version="1.0" encoding="UTF-8"?>
<!-- Generated by org.testng.reporters.JUnitReportReporter -->
<testsuite hostname="LAPTOP-VQUCTUMT" failures="0" tests="4" name="test.classes.testclass2" time="0.015" errors="0" timestamp="2021-06-07T23:19:06 IST" skipped="0">
  <testcase classname="test.classes.testclass2" name="demo1" time="0.001"/>
  <system-out/>
  <testcase classname="test.classes.testclass2" name="demo1" time="0.010"/>
  <system-out/>
  <testcase classname="test.classes.testclass2" name="demo1" time="0.002"/>
  <system-out/>
  <testcase classname="test.classes.testclass2" name="demo2" time="0.002"/>
  <system-out/>
</testsuite> <!-- test.classes.testclass2 -->
