<?xml version="1.0" encoding="UTF-8"?>
<!-- Generated by org.testng.reporters.JUnitReportReporter -->
<testsuite hostname="LAPTOP-VQUCTUMT" failures="0" tests="2" name="messaging.kitetest2" time="96.328" errors="0" timestamp="2021-06-07T10:48:54 IST" skipped="0">
  <testcase classname="messaging.kitetest2" name="VerifyKiteLogin" time="49.860"/>
  <system-out/>
  <testcase classname="messaging.kitetest2" name="VerifyKiteFund" time="46.468"/>
  <system-out/>
</testsuite> <!-- messaging.kitetest2 -->
