<?xml version="1.0" encoding="UTF-8"?>
<!-- Generated by org.testng.reporters.JUnitReportReporter -->
<testsuite hostname="LAPTOP-VQUCTUMT" failures="0" tests="4" name="classtest.classes.frameworkkite" time="104.094" errors="0" timestamp="2021-06-18T19:45:09 IST" skipped="0">
  <testcase classname="classtest.classes.frameworkkite" name="VerifyKiteLogin" time="27.066"/>
  <system-out/>
  <testcase classname="classtest.classes.frameworkkite" name="VerifyKiteLogin" time="25.652"/>
  <system-out/>
  <testcase classname="classtest.classes.frameworkkite" name="VerifyKiteFund" time="25.394"/>
  <system-out/>
  <testcase classname="classtest.classes.frameworkkite" name="VerifyKiteFund" time="25.982"/>
  <system-out/>
</testsuite> <!-- classtest.classes.frameworkkite -->
