<?xml version="1.0" encoding="UTF-8"?>
<!-- Generated by org.testng.reporters.JUnitReportReporter -->
<testsuite hostname="LAPTOP-VQUCTUMT" failures="0" tests="2" name="classtest.classes.fbtest2" time="87.219" errors="0" timestamp="2021-06-10T22:16:51 IST" skipped="0">
  <testcase classname="classtest.classes.fbtest2" name="friends" time="65.351"/>
  <system-out/>
  <testcase classname="classtest.classes.fbtest2" name="FBmyprofile" time="21.868"/>
  <system-out/>
</testsuite> <!-- classtest.classes.fbtest2 -->
