<?xml version="1.0" encoding="UTF-8"?>
<!-- Generated by org.testng.reporters.JUnitReportReporter -->
<testsuite hostname="LAPTOP-VQUCTUMT" failures="0" tests="2" name="classtest.classes.practicetest" time="0.015" errors="0" timestamp="2021-06-20T09:28:28 IST" skipped="0">
  <testcase classname="classtest.classes.practicetest" name="Test2" time="0.006"/>
  <system-out/>
  <testcase classname="classtest.classes.practicetest" name="Test1" time="0.009"/>
  <system-out/>
</testsuite> <!-- classtest.classes.practicetest -->
