<?xml version="1.0" encoding="UTF-8"?>
<!-- Generated by org.testng.reporters.JUnitReportReporter -->
<testsuite hostname="LAPTOP-VQUCTUMT" failures="0" tests="2" name="classtest.classes.kitetest2" time="97.532" errors="0" timestamp="2021-06-08T14:27:10 IST" skipped="0">
  <testcase classname="classtest.classes.kitetest2" name="VerifyKiteLogin" time="48.973"/>
  <system-out/>
  <testcase classname="classtest.classes.kitetest2" name="VerifyKiteFund" time="48.559"/>
  <system-out/>
</testsuite> <!-- classtest.classes.kitetest2 -->
